{
  "stats": {
    "suites": 1,
    "tests": 1,
    "passes": 1,
    "pending": 0,
    "failures": 0,
    "start": "2023-05-07T21:39:46.506Z",
    "end": "2023-05-07T21:39:57.527Z",
    "duration": 11021,
    "testsRegistered": 1,
    "passPercent": 100,
    "pendingPercent": 0,
    "other": 0,
    "hasOther": false,
    "skipped": 0,
    "hasSkipped": false
  },
  "results": [
    {
      "uuid": "73fb8a42-c7d9-47bd-90a2-114b0a92363e",
      "title": "",
      "fullFile": "cypress\\e2e\\funcionalidad2\\funcionalidad2.spec.cy.js",
      "file": "cypress\\e2e\\funcionalidad2\\funcionalidad2.spec.cy.js",
      "beforeHooks": [],
      "afterHooks": [],
      "tests": [],
      "suites": [
        {
          "uuid": "e8ffbcdd-031d-4952-a1f2-39ab944573a5",
          "title": "Con mi usuario de ghost creo un Tag",
          "fullFile": "",
          "file": "",
          "beforeHooks": [],
          "afterHooks": [],
          "tests": [
            {
              "title": "passes",
              "fullTitle": "Con mi usuario de ghost creo un Tag passes",
              "timedOut": null,
              "duration": 9442,
              "state": "passed",
              "speed": "medium",
              "pass": true,
              "fail": false,
              "pending": false,
              "context": null,
              "code": "cy.hacerLogin(_credentials.globalVariables.password, \"site\", \"nav.gh-nav.ember-view\");",
              "err": {},
              "uuid": "1b4252b2-28b4-47a6-81c2-40b1403e22b6",
              "parentUUID": "e8ffbcdd-031d-4952-a1f2-39ab944573a5",
              "isHook": false,
              "skipped": false
            }
          ],
          "suites": [],
          "passes": [
            "1b4252b2-28b4-47a6-81c2-40b1403e22b6"
          ],
          "failures": [],
          "pending": [],
          "skipped": [],
          "duration": 9442,
          "root": false,
          "rootEmpty": false,
          "_timeout": 2000
        }
      ],
      "passes": [],
      "failures": [],
      "pending": [],
      "skipped": [],
      "duration": 0,
      "root": true,
      "rootEmpty": true,
      "_timeout": 2000
    }
  ],
  "meta": {
    "mocha": {
      "version": "7.0.1"
    },
    "mochawesome": {
      "options": {
        "quiet": false,
        "reportFilename": "mochawesome",
        "saveHtml": true,
        "saveJson": true,
        "consoleReporter": "spec",
        "useInlineDiffs": false,
        "code": true
      },
      "version": "7.1.3"
    },
    "marge": {
      "options": null,
      "version": "6.2.0"
    }
  }
}